<?xml version="1.0" encoding="UTF-8"?>
<!-- Generated by org.testng.reporters.JUnitReportReporter -->
<testsuite hostname="DESKTOP-8RNOGRT" failures="0" tests="1" name="com.ninza.api.ProjectTest.AddProjectWitONGoingStatusTest" time="24.109" errors="0" timestamp="2024-08-14T17:27:41 IST" skipped="0">
  <testcase classname="com.ninza.api.ProjectTest.AddProjectWitONGoingStatusTest" name="addProjectWitONGoingStatustest" time="24.109"/>
</testsuite> <!-- com.ninza.api.ProjectTest.AddProjectWitONGoingStatusTest -->
