<?xml version="1.0" encoding="UTF-8"?>
<!-- Generated by org.testng.reporters.JUnitReportReporter -->
<testsuite hostname="DESKTOP-8RNOGRT" failures="0" tests="1" name="com.ninza.api.ProjectTest.AddSingleProjectWithCreatedTest" time="19.120" errors="0" timestamp="2024-08-14T12:38:15 IST" skipped="0">
  <testcase classname="com.ninza.api.ProjectTest.AddSingleProjectWithCreatedTest" name="addSingleProjectWithCreatedTest" time="19.120"/>
</testsuite> <!-- com.ninza.api.ProjectTest.AddSingleProjectWithCreatedTest -->
